gateway/build/intermediates/manifest_merge_blame_file/debug/manifest-merger-blame-debug-report.txt
1<?xml version="1.0" encoding="utf-8"?>
2<manifest xmlns:android="http://schemas.android.com/apk/res/android"
3    package="com.iamport.sdk"
4    android:versionCode="1"
5    android:versionName="1.0" >
6
7    <uses-sdk
8        android:minSdkVersion="21"
8-->src\main\AndroidManifest.xml
9        android:targetSdkVersion="31" />
9-->src\main\AndroidManifest.xml
10
11    <uses-permission android:name="android.permission.READ_EXTERNAL_STORAGE" />
11-->src\main\AndroidManifest.xml:5:5-80
11-->src\main\AndroidManifest.xml:5:22-77
12    <uses-permission android:name="android.permission.INTERNET" />
12-->src\main\AndroidManifest.xml:6:5-67
12-->src\main\AndroidManifest.xml:6:22-64
13    <uses-permission android:name="android.permission.ACCESS_NETWORK_STATE" />
13-->src\main\AndroidManifest.xml:7:5-79
13-->src\main\AndroidManifest.xml:7:22-76
14    <uses-permission android:name="android.permission.FOREGROUND_SERVICE" />
14-->[com.github.iamport:iamport-android:v1.3.4] AndroidManifest.xml:12:5-77
14-->[com.github.iamport:iamport-android:v1.3.4] AndroidManifest.xml:12:22-74
15
16    <queries>
16-->[com.github.iamport:iamport-android:v1.3.4] AndroidManifest.xml:14:5-72:15
17
18        <!-- 간편결제 -->
19        <package android:name="finance.chai.app" /> <!-- 차이페이 -->
19-->[com.github.iamport:iamport-android:v1.3.4] AndroidManifest.xml:17:9-52
19-->[com.github.iamport:iamport-android:v1.3.4] AndroidManifest.xml:17:18-49
20        <package android:name="com.nhnent.payapp" /> <!-- 페이코 -->
20-->[com.github.iamport:iamport-android:v1.3.4] AndroidManifest.xml:18:9-53
20-->[com.github.iamport:iamport-android:v1.3.4] AndroidManifest.xml:18:18-50
21        <package android:name="com.lottemembers.android" /> <!-- LPAY -->
21-->[com.github.iamport:iamport-android:v1.3.4] AndroidManifest.xml:19:9-60
21-->[com.github.iamport:iamport-android:v1.3.4] AndroidManifest.xml:19:18-57
22        <package android:name="com.ssg.serviceapp.android.egiftcertificate" /> <!-- SSGPAY -->
22-->[com.github.iamport:iamport-android:v1.3.4] AndroidManifest.xml:20:9-79
22-->[com.github.iamport:iamport-android:v1.3.4] AndroidManifest.xml:20:18-76
23        <package android:name="com.inicis.kpay" /> <!-- KPAY -->
23-->[com.github.iamport:iamport-android:v1.3.4] AndroidManifest.xml:21:9-51
23-->[com.github.iamport:iamport-android:v1.3.4] AndroidManifest.xml:21:18-48
24        <package android:name="com.tmoney.tmpay" /> <!-- 티머니페이 -->
24-->[com.github.iamport:iamport-android:v1.3.4] AndroidManifest.xml:22:9-52
24-->[com.github.iamport:iamport-android:v1.3.4] AndroidManifest.xml:22:18-49
25        <package android:name="viva.republica.toss" /> <!-- 토스페이 -->
25-->[com.github.iamport:iamport-android:v1.3.4] AndroidManifest.xml:23:9-55
25-->[com.github.iamport:iamport-android:v1.3.4] AndroidManifest.xml:23:18-52
26        <package android:name="com.samsung.android.spay" /> <!-- 삼성페이 -->
26-->[com.github.iamport:iamport-android:v1.3.4] AndroidManifest.xml:24:9-60
26-->[com.github.iamport:iamport-android:v1.3.4] AndroidManifest.xml:24:18-57
27        <package android:name="com.kakao.talk" /> <!-- 카카오페이 -->
27-->[com.github.iamport:iamport-android:v1.3.4] AndroidManifest.xml:25:9-50
27-->[com.github.iamport:iamport-android:v1.3.4] AndroidManifest.xml:25:18-47
28        <package android:name="com.nhn.android.search" /> <!-- 네이버 -->
28-->[com.github.iamport:iamport-android:v1.3.4] AndroidManifest.xml:26:9-58
28-->[com.github.iamport:iamport-android:v1.3.4] AndroidManifest.xml:26:18-55
29        <package android:name="com.mysmilepay.app" /> <!-- 스마일페이 -->
29-->[com.github.iamport:iamport-android:v1.3.4] AndroidManifest.xml:27:9-54
29-->[com.github.iamport:iamport-android:v1.3.4] AndroidManifest.xml:27:18-51
30        <!-- 카드 -->
31        <package android:name="kvp.jjy.MispAndroid320" /> <!-- ISP페이북 -->
31-->[com.github.iamport:iamport-android:v1.3.4] AndroidManifest.xml:29:9-58
31-->[com.github.iamport:iamport-android:v1.3.4] AndroidManifest.xml:29:18-55
32        <package android:name="com.kbcard.cxh.appcard" /> <!-- KBPay -->
32-->[com.github.iamport:iamport-android:v1.3.4] AndroidManifest.xml:30:9-58
32-->[com.github.iamport:iamport-android:v1.3.4] AndroidManifest.xml:30:18-55
33        <package android:name="com.kbstar.liivbank" /> <!-- liivbank -->
33-->[com.github.iamport:iamport-android:v1.3.4] AndroidManifest.xml:31:9-55
33-->[com.github.iamport:iamport-android:v1.3.4] AndroidManifest.xml:31:18-52
34        <package android:name="com.kbstar.reboot" /> <!-- newliiv -->
34-->[com.github.iamport:iamport-android:v1.3.4] AndroidManifest.xml:32:9-53
34-->[com.github.iamport:iamport-android:v1.3.4] AndroidManifest.xml:32:18-50
35        <package android:name="com.samsung.android.spaylite" /> <!-- 삼성페이니 -->
35-->[com.github.iamport:iamport-android:v1.3.4] AndroidManifest.xml:33:9-64
35-->[com.github.iamport:iamport-android:v1.3.4] AndroidManifest.xml:33:18-61
36        <package android:name="com.nhnent.payapp" /> <!-- 페이코 -->
36-->[com.github.iamport:iamport-android:v1.3.4] AndroidManifest.xml:18:9-53
36-->[com.github.iamport:iamport-android:v1.3.4] AndroidManifest.xml:18:18-50
37        <package android:name="com.lge.lgpay" /> <!-- 엘지페이 -->
37-->[com.github.iamport:iamport-android:v1.3.4] AndroidManifest.xml:35:9-49
37-->[com.github.iamport:iamport-android:v1.3.4] AndroidManifest.xml:35:18-46
38        <package android:name="com.hanaskcard.paycla" /> <!-- 하나 -->
38-->[com.github.iamport:iamport-android:v1.3.4] AndroidManifest.xml:36:9-57
38-->[com.github.iamport:iamport-android:v1.3.4] AndroidManifest.xml:36:18-54
39        <package android:name="kr.co.hanamembers.hmscustomer" /> <!-- 하나멤버스 -->
39-->[com.github.iamport:iamport-android:v1.3.4] AndroidManifest.xml:37:9-65
39-->[com.github.iamport:iamport-android:v1.3.4] AndroidManifest.xml:37:18-62
40        <package android:name="com.hanaskcard.rocomo.potal" /> <!-- 하나공인인증 -->
40-->[com.github.iamport:iamport-android:v1.3.4] AndroidManifest.xml:38:9-63
40-->[com.github.iamport:iamport-android:v1.3.4] AndroidManifest.xml:38:18-60
41        <package android:name="com.citibank.cardapp" /> <!-- 씨티 -->
41-->[com.github.iamport:iamport-android:v1.3.4] AndroidManifest.xml:39:9-56
41-->[com.github.iamport:iamport-android:v1.3.4] AndroidManifest.xml:39:18-53
42        <package android:name="kr.co.citibank.citimobile" /> <!-- 씨티모바일 -->
42-->[com.github.iamport:iamport-android:v1.3.4] AndroidManifest.xml:40:9-61
42-->[com.github.iamport:iamport-android:v1.3.4] AndroidManifest.xml:40:18-58
43        <package android:name="com.lcacApp" /> <!-- 롯데 -->
43-->[com.github.iamport:iamport-android:v1.3.4] AndroidManifest.xml:41:9-47
43-->[com.github.iamport:iamport-android:v1.3.4] AndroidManifest.xml:41:18-44
44        <package android:name="kr.co.samsungcard.mpocket" /> <!-- 삼성 -->
44-->[com.github.iamport:iamport-android:v1.3.4] AndroidManifest.xml:42:9-61
44-->[com.github.iamport:iamport-android:v1.3.4] AndroidManifest.xml:42:18-58
45        <package android:name="com.shcard.smartpay" /> <!-- 신한 -->
45-->[com.github.iamport:iamport-android:v1.3.4] AndroidManifest.xml:43:9-55
45-->[com.github.iamport:iamport-android:v1.3.4] AndroidManifest.xml:43:18-52
46        <package android:name="com.shinhancard.smartshinhan" /> <!-- 신한(ARS/일반/smart) -->
46-->[com.github.iamport:iamport-android:v1.3.4] AndroidManifest.xml:44:9-64
46-->[com.github.iamport:iamport-android:v1.3.4] AndroidManifest.xml:44:18-61
47        <package android:name="com.hyundaicard.appcard" /> <!-- 현재 -->
47-->[com.github.iamport:iamport-android:v1.3.4] AndroidManifest.xml:45:9-59
47-->[com.github.iamport:iamport-android:v1.3.4] AndroidManifest.xml:45:18-56
48        <package android:name="nh.smart.nhallonepay" /> <!-- 농협 -->
48-->[com.github.iamport:iamport-android:v1.3.4] AndroidManifest.xml:46:9-56
48-->[com.github.iamport:iamport-android:v1.3.4] AndroidManifest.xml:46:18-53
49        <package android:name="kr.co.citibank.citimobile" /> <!-- 씨티 -->
49-->[com.github.iamport:iamport-android:v1.3.4] AndroidManifest.xml:40:9-61
49-->[com.github.iamport:iamport-android:v1.3.4] AndroidManifest.xml:40:18-58
50        <package android:name="com.wooricard.smartapp" /> <!-- 우리WON카드 -->
50-->[com.github.iamport:iamport-android:v1.3.4] AndroidManifest.xml:48:9-58
50-->[com.github.iamport:iamport-android:v1.3.4] AndroidManifest.xml:48:18-55
51        <package android:name="com.wooribank.smart.npib" /> <!-- 우리WON뱅킹 -->
51-->[com.github.iamport:iamport-android:v1.3.4] AndroidManifest.xml:49:9-60
51-->[com.github.iamport:iamport-android:v1.3.4] AndroidManifest.xml:49:18-57
52        <!-- 백신 -->
53        <package android:name="com.TouchEn.mVaccine.webs" /> <!-- TouchEn -->
53-->[com.github.iamport:iamport-android:v1.3.4] AndroidManifest.xml:51:9-61
53-->[com.github.iamport:iamport-android:v1.3.4] AndroidManifest.xml:51:18-58
54        <package android:name="com.ahnlab.v3mobileplus" /> <!-- V3 -->
54-->[com.github.iamport:iamport-android:v1.3.4] AndroidManifest.xml:52:9-59
54-->[com.github.iamport:iamport-android:v1.3.4] AndroidManifest.xml:52:18-56
55        <package android:name="kr.co.shiftworks.vguardweb" /> <!-- vguard -->
55-->[com.github.iamport:iamport-android:v1.3.4] AndroidManifest.xml:53:9-62
55-->[com.github.iamport:iamport-android:v1.3.4] AndroidManifest.xml:53:18-59
56        <!-- 신용카드 공인인증 -->
57        <package android:name="com.hanaskcard.rocomo.potal" /> <!-- 하나 -->
57-->[com.github.iamport:iamport-android:v1.3.4] AndroidManifest.xml:38:9-63
57-->[com.github.iamport:iamport-android:v1.3.4] AndroidManifest.xml:38:18-60
58        <package android:name="com.lumensoft.touchenappfree" /> <!-- 현대 -->
58-->[com.github.iamport:iamport-android:v1.3.4] AndroidManifest.xml:56:9-64
58-->[com.github.iamport:iamport-android:v1.3.4] AndroidManifest.xml:56:18-61
59        <!-- 계좌이체 -->
60        <package android:name="com.kftc.bankpay.android" /> <!-- 뱅크페이 -->
60-->[com.github.iamport:iamport-android:v1.3.4] AndroidManifest.xml:58:9-60
60-->[com.github.iamport:iamport-android:v1.3.4] AndroidManifest.xml:58:18-57
61        <package android:name="kr.co.kfcc.mobilebank" /> <!-- MG 새마을금고 -->
61-->[com.github.iamport:iamport-android:v1.3.4] AndroidManifest.xml:59:9-57
61-->[com.github.iamport:iamport-android:v1.3.4] AndroidManifest.xml:59:18-54
62        <package android:name="com.kbstar.liivbank" /> <!-- 뱅크페이 -->
62-->[com.github.iamport:iamport-android:v1.3.4] AndroidManifest.xml:31:9-55
62-->[com.github.iamport:iamport-android:v1.3.4] AndroidManifest.xml:31:18-52
63        <package android:name="com.nh.cashcardapp" /> <!-- 뱅크페이 -->
63-->[com.github.iamport:iamport-android:v1.3.4] AndroidManifest.xml:61:9-54
63-->[com.github.iamport:iamport-android:v1.3.4] AndroidManifest.xml:61:18-51
64        <package android:name="com.knb.psb" /> <!-- BNK경남은행 -->
64-->[com.github.iamport:iamport-android:v1.3.4] AndroidManifest.xml:62:9-47
64-->[com.github.iamport:iamport-android:v1.3.4] AndroidManifest.xml:62:18-44
65        <package android:name="com.lguplus.paynow" /> <!-- 페이나우 -->
65-->[com.github.iamport:iamport-android:v1.3.4] AndroidManifest.xml:63:9-54
65-->[com.github.iamport:iamport-android:v1.3.4] AndroidManifest.xml:63:18-51
66        <package android:name="com.kbankwith.smartbank" /> <!-- 케이뱅크 -->
66-->[com.github.iamport:iamport-android:v1.3.4] AndroidManifest.xml:64:9-59
66-->[com.github.iamport:iamport-android:v1.3.4] AndroidManifest.xml:64:18-56
67        <!-- 해외결제 -->
68        <package android:name="com.eg.android.AlipayGphone" /> <!-- 페이나우 -->
68-->[com.github.iamport:iamport-android:v1.3.4] AndroidManifest.xml:66:9-63
68-->[com.github.iamport:iamport-android:v1.3.4] AndroidManifest.xml:66:18-60
69        <!-- 기타 -->
70        <package android:name="com.sktelecom.tauth" /> <!-- PASS -->
70-->[com.github.iamport:iamport-android:v1.3.4] AndroidManifest.xml:68:9-55
70-->[com.github.iamport:iamport-android:v1.3.4] AndroidManifest.xml:68:18-52
71        <package android:name="com.lguplus.smartotp" /> <!-- PASS -->
71-->[com.github.iamport:iamport-android:v1.3.4] AndroidManifest.xml:69:9-56
71-->[com.github.iamport:iamport-android:v1.3.4] AndroidManifest.xml:69:18-53
72        <package android:name="com.kt.ktauth" /> <!-- PASS -->
72-->[com.github.iamport:iamport-android:v1.3.4] AndroidManifest.xml:70:9-49
72-->[com.github.iamport:iamport-android:v1.3.4] AndroidManifest.xml:70:18-46
73        <package android:name="kr.danal.app.damoum" /> <!-- 다날 다모음 -->
73-->[com.github.iamport:iamport-android:v1.3.4] AndroidManifest.xml:71:9-55
73-->[com.github.iamport:iamport-android:v1.3.4] AndroidManifest.xml:71:18-52
74    </queries>
75
76    <uses-permission android:name="android.permission.WAKE_LOCK" />
76-->[androidx.work:work-runtime:2.5.0] AndroidManifest.xml:25:5-68
76-->[androidx.work:work-runtime:2.5.0] AndroidManifest.xml:25:22-65
77    <uses-permission android:name="android.permission.RECEIVE_BOOT_COMPLETED" />
77-->[androidx.work:work-runtime:2.5.0] AndroidManifest.xml:27:5-81
77-->[androidx.work:work-runtime:2.5.0] AndroidManifest.xml:27:22-78
78
79    <application
79-->src\main\AndroidManifest.xml:9:5-40:19
80        android:allowBackup="true"
80-->src\main\AndroidManifest.xml:10:9-35
81        android:appComponentFactory="androidx.core.app.CoreComponentFactory"
81-->[androidx.core:core:1.6.0] AndroidManifest.xml:24:18-86
82        android:debuggable="true"
83        android:icon="@mipmap/ic_launcher"
83-->src\main\AndroidManifest.xml:11:9-43
84        android:label="@string/app_name"
84-->src\main\AndroidManifest.xml:12:9-41
85        android:roundIcon="@mipmap/ic_launcher_round"
85-->src\main\AndroidManifest.xml:13:9-54
86        android:supportsRtl="true"
86-->src\main\AndroidManifest.xml:14:9-35
87        android:testOnly="true"
88        android:theme="@style/AppTheme"
88-->src\main\AndroidManifest.xml:15:9-40
89        android:usesCleartextTraffic="true" >
89-->[com.github.iamport:iamport-android:v1.3.4] AndroidManifest.xml:77:9-44
90
91        <!-- android:name=".BaseApplication" -->
92        <!-- android:resizeableActivity="false" -->
93
94        <activity
94-->src\main\AndroidManifest.xml:19:9-38:20
95            android:name="com.iamport.sampleapp.ui.MainActivity"
95-->src\main\AndroidManifest.xml:20:13-44
96            android:exported="true"
96-->src\main\AndroidManifest.xml:22:13-36
97            android:screenOrientation="portrait" >
97-->src\main\AndroidManifest.xml:21:13-49
98            <intent-filter>
98-->src\main\AndroidManifest.xml:23:13-27:29
99                <action android:name="android.intent.action.MAIN" />
99-->src\main\AndroidManifest.xml:24:17-69
99-->src\main\AndroidManifest.xml:24:25-66
100
101                <category android:name="android.intent.category.LAUNCHER" />
101-->src\main\AndroidManifest.xml:26:17-77
101-->src\main\AndroidManifest.xml:26:27-74
102            </intent-filter>
103            <intent-filter>
103-->src\main\AndroidManifest.xml:28:13-36:29
104                <action android:name="android.intent.action.VIEW" />
104-->src\main\AndroidManifest.xml:29:17-69
104-->src\main\AndroidManifest.xml:29:25-66
105
106                <category android:name="android.intent.category.DEFAULT" />
106-->src\main\AndroidManifest.xml:31:17-76
106-->src\main\AndroidManifest.xml:31:27-73
107                <category android:name="android.intent.category.BROWSABLE" />
107-->src\main\AndroidManifest.xml:32:17-78
107-->src\main\AndroidManifest.xml:32:27-75
108
109                <data android:scheme="iamportsdkapp" />
109-->src\main\AndroidManifest.xml:34:17-35:54
109-->src\main\AndroidManifest.xml:35:21-51
110            </intent-filter>
111        </activity>
112
113        <service
113-->[com.github.iamport:iamport-android:v1.3.4] AndroidManifest.xml:78:9-80:38
114            android:name="com.iamport.sdk.domain.service.ChaiService"
114-->[com.github.iamport:iamport-android:v1.3.4] AndroidManifest.xml:79:13-70
115            android:enabled="true" />
115-->[com.github.iamport:iamport-android:v1.3.4] AndroidManifest.xml:80:13-35
116
117        <activity
117-->[com.github.iamport:iamport-android:v1.3.4] AndroidManifest.xml:82:9-89:20
118            android:name="com.iamport.sdk.presentation.activity.WebViewActivity"
118-->[com.github.iamport:iamport-android:v1.3.4] AndroidManifest.xml:83:13-81
119            android:configChanges="keyboardHidden|orientation|screenSize|screenLayout|smallestScreenSize"
119-->[com.github.iamport:iamport-android:v1.3.4] AndroidManifest.xml:84:13-106
120            android:hardwareAccelerated="true"
120-->[com.github.iamport:iamport-android:v1.3.4] AndroidManifest.xml:85:13-47
121            android:launchMode="singleTop"
121-->[com.github.iamport:iamport-android:v1.3.4] AndroidManifest.xml:86:13-43
122            android:screenOrientation="portrait"
122-->[com.github.iamport:iamport-android:v1.3.4] AndroidManifest.xml:87:13-49
123            android:theme="@style/Theme.AppCompat.Transparent.NoActionBar" >
123-->[com.github.iamport:iamport-android:v1.3.4] AndroidManifest.xml:88:13-75
124        </activity>
125
126        <provider
126-->[androidx.work:work-runtime:2.5.0] AndroidManifest.xml:31:9-37:35
127            android:name="androidx.work.impl.WorkManagerInitializer"
127-->[androidx.work:work-runtime:2.5.0] AndroidManifest.xml:32:13-69
128            android:authorities="com.iamport.sdk.workmanager-init"
128-->[androidx.work:work-runtime:2.5.0] AndroidManifest.xml:33:13-68
129            android:directBootAware="false"
129-->[androidx.work:work-runtime:2.5.0] AndroidManifest.xml:34:13-44
130            android:exported="false"
130-->[androidx.work:work-runtime:2.5.0] AndroidManifest.xml:35:13-37
131            android:multiprocess="true" />
131-->[androidx.work:work-runtime:2.5.0] AndroidManifest.xml:36:13-40
132
133        <service
133-->[androidx.work:work-runtime:2.5.0] AndroidManifest.xml:39:9-44:35
134            android:name="androidx.work.impl.background.systemalarm.SystemAlarmService"
134-->[androidx.work:work-runtime:2.5.0] AndroidManifest.xml:40:13-88
135            android:directBootAware="false"
135-->[androidx.work:work-runtime:2.5.0] AndroidManifest.xml:41:13-44
136            android:enabled="@bool/enable_system_alarm_service_default"
136-->[androidx.work:work-runtime:2.5.0] AndroidManifest.xml:42:13-72
137            android:exported="false" />
137-->[androidx.work:work-runtime:2.5.0] AndroidManifest.xml:43:13-37
138        <service
138-->[androidx.work:work-runtime:2.5.0] AndroidManifest.xml:45:9-51:35
139            android:name="androidx.work.impl.background.systemjob.SystemJobService"
139-->[androidx.work:work-runtime:2.5.0] AndroidManifest.xml:46:13-84
140            android:directBootAware="false"
140-->[androidx.work:work-runtime:2.5.0] AndroidManifest.xml:47:13-44
141            android:enabled="@bool/enable_system_job_service_default"
141-->[androidx.work:work-runtime:2.5.0] AndroidManifest.xml:48:13-70
142            android:exported="true"
142-->[androidx.work:work-runtime:2.5.0] AndroidManifest.xml:49:13-36
143            android:permission="android.permission.BIND_JOB_SERVICE" />
143-->[androidx.work:work-runtime:2.5.0] AndroidManifest.xml:50:13-69
144        <service
144-->[androidx.work:work-runtime:2.5.0] AndroidManifest.xml:52:9-57:35
145            android:name="androidx.work.impl.foreground.SystemForegroundService"
145-->[androidx.work:work-runtime:2.5.0] AndroidManifest.xml:53:13-81
146            android:directBootAware="false"
146-->[androidx.work:work-runtime:2.5.0] AndroidManifest.xml:54:13-44
147            android:enabled="@bool/enable_system_foreground_service_default"
147-->[androidx.work:work-runtime:2.5.0] AndroidManifest.xml:55:13-77
148            android:exported="false" />
148-->[androidx.work:work-runtime:2.5.0] AndroidManifest.xml:56:13-37
149
150        <receiver
150-->[androidx.work:work-runtime:2.5.0] AndroidManifest.xml:59:9-64:35
151            android:name="androidx.work.impl.utils.ForceStopRunnable$BroadcastReceiver"
151-->[androidx.work:work-runtime:2.5.0] AndroidManifest.xml:60:13-88
152            android:directBootAware="false"
152-->[androidx.work:work-runtime:2.5.0] AndroidManifest.xml:61:13-44
153            android:enabled="true"
153-->[androidx.work:work-runtime:2.5.0] AndroidManifest.xml:62:13-35
154            android:exported="false" />
154-->[androidx.work:work-runtime:2.5.0] AndroidManifest.xml:63:13-37
155        <receiver
155-->[androidx.work:work-runtime:2.5.0] AndroidManifest.xml:65:9-75:20
156            android:name="androidx.work.impl.background.systemalarm.ConstraintProxy$BatteryChargingProxy"
156-->[androidx.work:work-runtime:2.5.0] AndroidManifest.xml:66:13-106
157            android:directBootAware="false"
157-->[androidx.work:work-runtime:2.5.0] AndroidManifest.xml:67:13-44
158            android:enabled="false"
158-->[androidx.work:work-runtime:2.5.0] AndroidManifest.xml:68:13-36
159            android:exported="false" >
159-->[androidx.work:work-runtime:2.5.0] AndroidManifest.xml:69:13-37
160            <intent-filter>
160-->[androidx.work:work-runtime:2.5.0] AndroidManifest.xml:71:13-74:29
161                <action android:name="android.intent.action.ACTION_POWER_CONNECTED" />
161-->[androidx.work:work-runtime:2.5.0] AndroidManifest.xml:72:17-87
161-->[androidx.work:work-runtime:2.5.0] AndroidManifest.xml:72:25-84
162                <action android:name="android.intent.action.ACTION_POWER_DISCONNECTED" />
162-->[androidx.work:work-runtime:2.5.0] AndroidManifest.xml:73:17-90
162-->[androidx.work:work-runtime:2.5.0] AndroidManifest.xml:73:25-87
163            </intent-filter>
164        </receiver>
165        <receiver
165-->[androidx.work:work-runtime:2.5.0] AndroidManifest.xml:76:9-86:20
166            android:name="androidx.work.impl.background.systemalarm.ConstraintProxy$BatteryNotLowProxy"
166-->[androidx.work:work-runtime:2.5.0] AndroidManifest.xml:77:13-104
167            android:directBootAware="false"
167-->[androidx.work:work-runtime:2.5.0] AndroidManifest.xml:78:13-44
168            android:enabled="false"
168-->[androidx.work:work-runtime:2.5.0] AndroidManifest.xml:79:13-36
169            android:exported="false" >
169-->[androidx.work:work-runtime:2.5.0] AndroidManifest.xml:80:13-37
170            <intent-filter>
170-->[androidx.work:work-runtime:2.5.0] AndroidManifest.xml:82:13-85:29
171                <action android:name="android.intent.action.BATTERY_OKAY" />
171-->[androidx.work:work-runtime:2.5.0] AndroidManifest.xml:83:17-77
171-->[androidx.work:work-runtime:2.5.0] AndroidManifest.xml:83:25-74
172                <action android:name="android.intent.action.BATTERY_LOW" />
172-->[androidx.work:work-runtime:2.5.0] AndroidManifest.xml:84:17-76
172-->[androidx.work:work-runtime:2.5.0] AndroidManifest.xml:84:25-73
173            </intent-filter>
174        </receiver>
175        <receiver
175-->[androidx.work:work-runtime:2.5.0] AndroidManifest.xml:87:9-97:20
176            android:name="androidx.work.impl.background.systemalarm.ConstraintProxy$StorageNotLowProxy"
176-->[androidx.work:work-runtime:2.5.0] AndroidManifest.xml:88:13-104
177            android:directBootAware="false"
177-->[androidx.work:work-runtime:2.5.0] AndroidManifest.xml:89:13-44
178            android:enabled="false"
178-->[androidx.work:work-runtime:2.5.0] AndroidManifest.xml:90:13-36
179            android:exported="false" >
179-->[androidx.work:work-runtime:2.5.0] AndroidManifest.xml:91:13-37
180            <intent-filter>
180-->[androidx.work:work-runtime:2.5.0] AndroidManifest.xml:93:13-96:29
181                <action android:name="android.intent.action.DEVICE_STORAGE_LOW" />
181-->[androidx.work:work-runtime:2.5.0] AndroidManifest.xml:94:17-83
181-->[androidx.work:work-runtime:2.5.0] AndroidManifest.xml:94:25-80
182                <action android:name="android.intent.action.DEVICE_STORAGE_OK" />
182-->[androidx.work:work-runtime:2.5.0] AndroidManifest.xml:95:17-82
182-->[androidx.work:work-runtime:2.5.0] AndroidManifest.xml:95:25-79
183            </intent-filter>
184        </receiver>
185        <receiver
185-->[androidx.work:work-runtime:2.5.0] AndroidManifest.xml:98:9-107:20
186            android:name="androidx.work.impl.background.systemalarm.ConstraintProxy$NetworkStateProxy"
186-->[androidx.work:work-runtime:2.5.0] AndroidManifest.xml:99:13-103
187            android:directBootAware="false"
187-->[androidx.work:work-runtime:2.5.0] AndroidManifest.xml:100:13-44
188            android:enabled="false"
188-->[androidx.work:work-runtime:2.5.0] AndroidManifest.xml:101:13-36
189            android:exported="false" >
189-->[androidx.work:work-runtime:2.5.0] AndroidManifest.xml:102:13-37
190            <intent-filter>
190-->[androidx.work:work-runtime:2.5.0] AndroidManifest.xml:104:13-106:29
191                <action android:name="android.net.conn.CONNECTIVITY_CHANGE" />
191-->[androidx.work:work-runtime:2.5.0] AndroidManifest.xml:105:17-79
191-->[androidx.work:work-runtime:2.5.0] AndroidManifest.xml:105:25-76
192            </intent-filter>
193        </receiver>
194        <receiver
194-->[androidx.work:work-runtime:2.5.0] AndroidManifest.xml:108:9-119:20
195            android:name="androidx.work.impl.background.systemalarm.RescheduleReceiver"
195-->[androidx.work:work-runtime:2.5.0] AndroidManifest.xml:109:13-88
196            android:directBootAware="false"
196-->[androidx.work:work-runtime:2.5.0] AndroidManifest.xml:110:13-44
197            android:enabled="false"
197-->[androidx.work:work-runtime:2.5.0] AndroidManifest.xml:111:13-36
198            android:exported="false" >
198-->[androidx.work:work-runtime:2.5.0] AndroidManifest.xml:112:13-37
199            <intent-filter>
199-->[androidx.work:work-runtime:2.5.0] AndroidManifest.xml:114:13-118:29
200                <action android:name="android.intent.action.BOOT_COMPLETED" />
200-->[androidx.work:work-runtime:2.5.0] AndroidManifest.xml:115:17-79
200-->[androidx.work:work-runtime:2.5.0] AndroidManifest.xml:115:25-76
201                <action android:name="android.intent.action.TIME_SET" />
201-->[androidx.work:work-runtime:2.5.0] AndroidManifest.xml:116:17-73
201-->[androidx.work:work-runtime:2.5.0] AndroidManifest.xml:116:25-70
202                <action android:name="android.intent.action.TIMEZONE_CHANGED" />
202-->[androidx.work:work-runtime:2.5.0] AndroidManifest.xml:117:17-81
202-->[androidx.work:work-runtime:2.5.0] AndroidManifest.xml:117:25-78
203            </intent-filter>
204        </receiver>
205        <receiver
205-->[androidx.work:work-runtime:2.5.0] AndroidManifest.xml:120:9-129:20
206            android:name="androidx.work.impl.background.systemalarm.ConstraintProxyUpdateReceiver"
206-->[androidx.work:work-runtime:2.5.0] AndroidManifest.xml:121:13-99
207            android:directBootAware="false"
207-->[androidx.work:work-runtime:2.5.0] AndroidManifest.xml:122:13-44
208            android:enabled="@bool/enable_system_alarm_service_default"
208-->[androidx.work:work-runtime:2.5.0] AndroidManifest.xml:123:13-72
209            android:exported="false" >
209-->[androidx.work:work-runtime:2.5.0] AndroidManifest.xml:124:13-37
210            <intent-filter>
210-->[androidx.work:work-runtime:2.5.0] AndroidManifest.xml:126:13-128:29
211                <action android:name="androidx.work.impl.background.systemalarm.UpdateProxies" />
211-->[androidx.work:work-runtime:2.5.0] AndroidManifest.xml:127:17-98
211-->[androidx.work:work-runtime:2.5.0] AndroidManifest.xml:127:25-95
212            </intent-filter>
213        </receiver>
214        <receiver
214-->[androidx.work:work-runtime:2.5.0] AndroidManifest.xml:130:9-140:20
215            android:name="androidx.work.impl.diagnostics.DiagnosticsReceiver"
215-->[androidx.work:work-runtime:2.5.0] AndroidManifest.xml:131:13-78
216            android:directBootAware="false"
216-->[androidx.work:work-runtime:2.5.0] AndroidManifest.xml:132:13-44
217            android:enabled="true"
217-->[androidx.work:work-runtime:2.5.0] AndroidManifest.xml:133:13-35
218            android:exported="true"
218-->[androidx.work:work-runtime:2.5.0] AndroidManifest.xml:134:13-36
219            android:permission="android.permission.DUMP" >
219-->[androidx.work:work-runtime:2.5.0] AndroidManifest.xml:135:13-57
220            <intent-filter>
220-->[androidx.work:work-runtime:2.5.0] AndroidManifest.xml:137:13-139:29
221                <action android:name="androidx.work.diagnostics.REQUEST_DIAGNOSTICS" />
221-->[androidx.work:work-runtime:2.5.0] AndroidManifest.xml:138:17-88
221-->[androidx.work:work-runtime:2.5.0] AndroidManifest.xml:138:25-85
222            </intent-filter>
223        </receiver>
224
225        <provider
225-->[androidx.lifecycle:lifecycle-process:2.2.0] AndroidManifest.xml:25:9-29:43
226            android:name="androidx.lifecycle.ProcessLifecycleOwnerInitializer"
226-->[androidx.lifecycle:lifecycle-process:2.2.0] AndroidManifest.xml:26:13-79
227            android:authorities="com.iamport.sdk.lifecycle-process"
227-->[androidx.lifecycle:lifecycle-process:2.2.0] AndroidManifest.xml:27:13-69
228            android:exported="false"
228-->[androidx.lifecycle:lifecycle-process:2.2.0] AndroidManifest.xml:28:13-37
229            android:multiprocess="true" />
229-->[androidx.lifecycle:lifecycle-process:2.2.0] AndroidManifest.xml:29:13-40
230
231        <service
231-->[androidx.room:room-runtime:2.2.5] AndroidManifest.xml:25:9-28:40
232            android:name="androidx.room.MultiInstanceInvalidationService"
232-->[androidx.room:room-runtime:2.2.5] AndroidManifest.xml:26:13-74
233            android:directBootAware="true"
233-->[androidx.room:room-runtime:2.2.5] AndroidManifest.xml:27:13-43
234            android:exported="false" />
234-->[androidx.room:room-runtime:2.2.5] AndroidManifest.xml:28:13-37
235
236        <provider
236-->[androidx.profileinstaller:profileinstaller:1.0.0-beta01] AndroidManifest.xml:26:9-34:20
237            android:name="androidx.startup.InitializationProvider"